<?xml version="1.0" encoding="UTF-8"?>
<testng-results skipped="0" failed="0" ignored="0" total="1" passed="1">
  <reporter-output>
  </reporter-output>
  <suite name="Default suite" duration-ms="4720" started-at="2019-11-21T23:23:29Z" finished-at="2019-11-21T23:23:34Z">
    <groups>
    </groups>
    <test name="Default test" duration-ms="4720" started-at="2019-11-21T23:23:29Z" finished-at="2019-11-21T23:23:34Z">
      <class name="AppleStoreTestCases.AppleStoreApiTest">
        <test-method status="PASS" signature="checkResponse()[pri:0, instance:AppleStoreTestCases.AppleStoreApiTest@69ea3742]" name="checkResponse" duration-ms="4656" started-at="2019-11-21T23:23:29Z" finished-at="2019-11-21T23:23:34Z">
          <reporter-output>
          </reporter-output>
        </test-method> <!-- checkResponse -->
      </class> <!-- AppleStoreTestCases.AppleStoreApiTest -->
    </test> <!-- Default test -->
  </suite> <!-- Default suite -->
</testng-results>
